<?xml version="1.0" encoding="utf-8"?><testsuites><testsuite name="pytest" errors="0" failures="0" skipped="0" tests="17" time="1.299" timestamp="2025-05-27T15:22:53.790068+05:30" hostname="ES-LAP-058"><testcase classname="components.propertypanel.test.property_panel_test" name="test_create_property_panel" time="0.050" /><testcase classname="components.propertypanel.test.property_panel_test" name="test_create_switch_property_panel" time="0.001" /><testcase classname="components.propertypanel.test.property_panel_test" name="test_create_property_scroll_panel" time="0.002" /><testcase classname="components.propertypanel.test.property_panel_test" name="test_setup_property_panel_layout" time="0.002" /><testcase classname="components.propertypanel.test.property_panel_test" name="test_toggle_right_panel_show" time="0.584" /><testcase classname="components.propertypanel.test.property_panel_test" name="test_toggle_right_panel_hide" time="0.064" /><testcase classname="components.propertypanel.test.property_panel_test" name="test_toggle_right_panel_no_property_panel" time="0.052" /><testcase classname="components.propertypanel.test.property_panel_test" name="test_toggle_right_panel_no_toggle_button" time="0.006" /><testcase classname="components.propertypanel.test.property_panel_test" name="test_toggle_button_properties" time="0.005" /><testcase classname="components.propertypanel.test.property_panel_test" name="test_scroll_area_styling" time="0.002" /><testcase classname="components.propertypanel.test.property_panel_test" name="test_label_alignment_and_spacing" time="0.007" /><testcase classname="components.propertypanel.test.property_panel_test" name="test_switch_panel_layout_margins" time="0.003" /><testcase classname="components.propertypanel.test.property_panel_test" name="test_scrollable_content_margins" time="0.004" /><testcase classname="components.propertypanel.test.property_panel_test" name="test_full_panel_layout" time="0.006" /><testcase classname="components.propertypanel.test.property_panel_test" name="test_logging_on_toggle" time="0.093" /><testcase classname="components.propertypanel.test.property_panel_test" name="test_create_property_signal_handlers" time="0.009" /><testcase classname="components.propertypanel.test.property_panel_test" name="test_row_selected_signal_triggers_property_display" time="0.106" /></testsuite></testsuites>