<?xml version="1.0" encoding="utf-8"?><testsuites><testsuite name="pytest" errors="0" failures="0" skipped="0" tests="15" time="0.451" timestamp="2025-05-27T16:50:39.202442+05:30" hostname="ES-LAP-058"><testcase classname="components.table.test.multioption_selector_test" name="test_get_display_text_valid" time="0.374" /><testcase classname="components.table.test.multioption_selector_test" name="test_update_text_sets_current_text" time="0.002" /><testcase classname="components.table.test.multioption_selector_test" name="test_selected_items_returns_list" time="0.002" /><testcase classname="components.table.test.multioption_selector_test" name="test_wheel_event_ignored" time="0.003" /><testcase classname="components.table.test.multioption_selector_test" name="test_additem_updates_items" time="0.001" /><testcase classname="components.table.test.multioption_selector_test" name="test_update_items_refresh_combo" time="0.001" /><testcase classname="components.table.test.multioption_selector_test" name="test_select_row_toggle" time="0.001" /><testcase classname="components.table.test.multioption_selector_test" name="test_toggle_item_logic" time="0.001" /><testcase classname="components.table.test.multioption_selector_test" name="test_set_text_comma_input" time="0.001" /><testcase classname="components.table.test.multioption_selector_test" name="test_tsmultiselect_set_text" time="0.001" /><testcase classname="components.table.test.multioption_selector_test" name="test_readonly_set_text" time="0.002" /><testcase classname="components.table.test.multioption_selector_test" name="test_custom_add_items" time="0.002" /><testcase classname="components.table.test.multioption_selector_test" name="test_custom_set_text_trims_first_word" time="0.001" /><testcase classname="components.table.test.multioption_selector_test" name="test_custom_leave_text_trim" time="0.001" /><testcase classname="components.table.test.multioption_selector_test" name="test_nowheel_combo_ignore_scroll" time="0.001" /></testsuite></testsuites>