<?xml version="1.0" encoding="utf-8"?><testsuites><testsuite name="pytest" errors="0" failures="0" skipped="0" tests="13" time="0.172" timestamp="2025-05-27T16:48:50.204002+05:30" hostname="ES-LAP-058"><testcase classname="components.table.test.table_row_indicator_test" name="test_widget_initialization" time="0.029" /><testcase classname="components.table.test.table_row_indicator_test" name="test_button_icon_and_size_applied" time="0.001" /><testcase classname="components.table.test.table_row_indicator_test" name="test_button_click_triggers_delete" time="0.002" /><testcase classname="components.table.test.table_row_indicator_test" name="test_delete_row_logs_action" time="0.001" /><testcase classname="components.table.test.table_row_indicator_test" name="test_init_with_none_parent" time="0.001" /><testcase classname="components.table.test.table_row_indicator_test" name="test_delete_row_safe" time="0.001" /><testcase classname="components.table.test.table_row_indicator_test" name="test_icon_missing" time="0.001" /><testcase classname="components.table.test.table_row_indicator_test" name="test_button_load_corrupt_icon" time="0.003" /><testcase classname="components.table.test.table_row_indicator_test" name="test_parent_layout_vertical" time="0.003" /><testcase classname="components.table.test.table_row_indicator_test" name="test_button_added_to_layout" time="0.002" /><testcase classname="components.table.test.table_row_indicator_test" name="test_widget_vertical_size_policy" time="0.001" /><testcase classname="components.table.test.table_row_indicator_test" name="test_button_text_empty" time="0.001" /><testcase classname="components.table.test.table_row_indicator_test" name="test_multiple_delete_calls" time="0.001" /></testsuite></testsuites>