<?xml version="1.0" encoding="utf-8"?><testsuites><testsuite name="pytest" errors="0" failures="0" skipped="0" tests="14" time="0.427" timestamp="2025-05-27T16:37:27.511133+05:30" hostname="ES-LAP-058"><testcase classname="components.table.test.table_component_test" name="test_auto_adjust_column_width_valid_key" time="0.306" /><testcase classname="components.table.test.table_component_test" name="test_auto_adjust_column_width_invalid_key" time="0.001" /><testcase classname="components.table.test.table_component_test" name="test_auto_adjust_column_width_short_headers" time="0.005" /><testcase classname="components.table.test.table_component_test" name="test_auto_adjust_column_width_no_columns" time="0.003" /><testcase classname="components.table.test.table_component_test" name="test_auto_adjust_column_width_exception" time="0.002" /><testcase classname="components.table.test.table_component_test" name="test_setup_table_headers_valid" time="0.003" /><testcase classname="components.table.test.table_component_test" name="test_setup_table_headers_empty_headers" time="0.003" /><testcase classname="components.table.test.table_component_test" name="test_setup_table_headers_more_headers_than_columns" time="0.002" /><testcase classname="components.table.test.table_component_test" name="test_setup_table_headers_exception" time="0.003" /><testcase classname="components.table.test.table_component_test" name="test_auto_adjust_column_width_known_width" time="0.002" /><testcase classname="components.table.test.table_component_test" name="test_auto_adjust_column_width_preserves_column_count" time="0.001" /><testcase classname="components.table.test.table_component_test" name="test_setup_table_headers_applies_text" time="0.002" /><testcase classname="components.table.test.table_component_test" name="test_setup_table_headers_sidebar_column_blank" time="0.001" /><testcase classname="components.table.test.table_component_test" name="test_setup_table_headers_last_column_stretch" time="0.010" /></testsuite></testsuites>