<?xml version="1.0" encoding="utf-8"?><testsuites><testsuite name="pytest" errors="0" failures="0" skipped="0" tests="20" time="0.567" timestamp="2025-05-22T14:41:13.929520+05:30" hostname="ES-LAP-046"><testcase classname="components.sidebar_test" name="test_sidebar_initializes" time="0.033" /><testcase classname="components.sidebar_test" name="test_load_modules_success" time="0.017" /><testcase classname="components.sidebar_test" name="test_load_modules_file_missing" time="0.006" /><testcase classname="components.sidebar_test" name="test_load_modules_invalid_json" time="0.008" /><testcase classname="components.sidebar_test" name="test_load_modules_no_modules_key" time="0.005" /><testcase classname="components.sidebar_test" name="test_load_modules_module_disabled" time="0.004" /><testcase classname="components.sidebar_test" name="test_load_modules_module_unlicensed" time="0.006" /><testcase classname="components.sidebar_test" name="test_load_modules_submodule_disabled" time="0.006" /><testcase classname="components.sidebar_test" name="test_load_modules_submodule_unlicensed" time="0.008" /><testcase classname="components.sidebar_test" name="test_load_modules_submodule_no_icon" time="0.008" /><testcase classname="components.sidebar_test" name="test_emit_submodule_signal_payload" time="0.031" /><testcase classname="components.sidebar_test" name="test_submodule_signal_without_receiver" time="0.039" /><testcase classname="components.sidebar_test" name="test_load_modules_empty_modules" time="0.016" /><testcase classname="components.sidebar_test" name="test_submodule_missing_name" time="0.011" /><testcase classname="components.sidebar_test" name="test_large_module_list" time="0.033" /><testcase classname="components.sidebar_test" name="test_duplicate_submodule_names" time="0.013" /><testcase classname="components.sidebar_test" name="test_module_without_submodules" time="0.009" /><testcase classname="components.sidebar_test" name="test_submodule_whitespace_name" time="0.006" /><testcase classname="components.sidebar_test" name="test_invalid_icon_attribute" time="0.014" /><testcase classname="components.sidebar_test" name="test_sidebar_with_custom_json_path" time="0.012" /></testsuite></testsuites>