<?xml version="1.0" encoding="utf-8"?><testsuites><testsuite name="pytest" errors="0" failures="0" skipped="0" tests="20" time="0.787" timestamp="2025-05-20T19:00:27.749998+05:30" hostname="ES-LAP-046"><testcase classname="components.module_toolbar_test" name="test_ut001_create_toolbar_default_buttons" time="0.025" /><testcase classname="components.module_toolbar_test" name="test_ut002_create_toolbar_specific_buttons" time="0.010" /><testcase classname="components.module_toolbar_test" name="test_ut003_create_toolbar_no_buttons" time="0.012" /><testcase classname="components.module_toolbar_test" name="test_ut004_unsupported_button_logged" time="0.007" /><testcase classname="components.module_toolbar_test" name="test_ut005_submit_button_attributes" time="0.010" /><testcase classname="components.module_toolbar_test" name="test_ut006_emit_toolbar_signal_emits_correct_payload" time="0.010" /><testcase classname="components.module_toolbar_test" name="test_ut007_signal_payload_structure" time="0.010" /><testcase classname="components.module_toolbar_test" name="test_ut008_create_toolbar_with_none_parent" time="0.010" /><testcase classname="components.module_toolbar_test" name="test_ut009_missing_icon_attr" time="0.009" /><testcase classname="components.module_toolbar_test" name="test_ut010_toolbar_long_label" time="0.014" /><testcase classname="components.module_toolbar_test" name="test_ut011_many_buttons" time="0.017" /><testcase classname="components.module_toolbar_test" name="test_ut012_duplicate_button_keys" time="0.015" /><testcase classname="components.module_toolbar_test" name="test_ut013_payload_contains_correct_keys" time="0.006" /><testcase classname="components.module_toolbar_test" name="test_ut014_small_spacer_returns_widget" time="0.005" /><testcase classname="components.module_toolbar_test" name="test_ut015_toolbar_styles_applied" time="0.013" /><testcase classname="components.module_toolbar_test" name="test_ut016_multiple_toolbars_same_parent" time="0.030" /><testcase classname="components.module_toolbar_test" name="test_ut017_toolbar_prints_log" time="0.025" /><testcase classname="components.module_toolbar_test" name="test_ut018_delete_button_emits_delete" time="0.011" /><testcase classname="components.module_toolbar_test" name="test_ut019_parent_attr_assignment" time="0.007" /><testcase classname="components.module_toolbar_test" name="test_ut020_spacer_has_style" time="0.007" /></testsuite></testsuites>