<?xml version="1.0" encoding="utf-8"?><testsuites><testsuite name="pytest" errors="0" failures="0" skipped="0" tests="18" time="1.284" timestamp="2025-05-15T16:07:25.763930+05:30" hostname="ES-LAP-046"><testcase classname="controllers.schemamanager_logger_test" name="test_ut001_create_valid" time="0.113" /><testcase classname="controllers.schemamanager_logger_test" name="test_ut002_create_missing_required" time="0.019" /><testcase classname="controllers.schemamanager_logger_test" name="test_ut003_create_duplicate_key" time="0.043" /><testcase classname="controllers.schemamanager_logger_test" name="test_ut004_get_instance_valid" time="0.079" /><testcase classname="controllers.schemamanager_logger_test" name="test_ut005_get_instance_invalid_field" time="0.001" /><testcase classname="controllers.schemamanager_logger_test" name="test_ut006_get_instance_all" time="0.034" /><testcase classname="controllers.schemamanager_logger_test" name="test_ut007_update_existing" time="0.042" /><testcase classname="controllers.schemamanager_logger_test" name="test_ut008_update_none" time="0.016" /><testcase classname="controllers.schemamanager_logger_test" name="test_ut009_delete_valid" time="0.033" /><testcase classname="controllers.schemamanager_logger_test" name="test_ut010_delete_none" time="0.017" /><testcase classname="controllers.schemamanager_logger_test" name="test_ut011_initialize_database_fresh" time="0.011" /><testcase classname="controllers.schemamanager_logger_test" name="test_ut012_initialize_database_repeat" time="0.009" /><testcase classname="controllers.schemamanager_logger_test" name="test_ut013_log_activity_standard" time="0.050" /><testcase classname="controllers.schemamanager_logger_test" name="test_ut014_log_activity_failure" time="0.010" /><testcase classname="controllers.schemamanager_logger_test" name="test_ut015_log_crud_action_returns_none" time="0.002" /><testcase classname="controllers.schemamanager_logger_test" name="test_ut016_log_crud_action_raises_exception" time="0.003" /><testcase classname="controllers.schemamanager_logger_test" name="test_ut017_log_crud_action_missing_id" time="0.003" /><testcase classname="controllers.schemamanager_logger_test" name="test_ut018_log_crud_action_missing_module" time="0.002" /></testsuite></testsuites>