<?xml version="1.0" encoding="utf-8"?><testsuites><testsuite name="pytest" errors="0" failures="0" skipped="0" tests="11" time="0.596" timestamp="2025-05-27T15:15:05.805693+05:30" hostname="ES-LAP-058"><testcase classname="components.propertypanel.test.property_input_component_test" name="test_create_line_input" time="0.440" /><testcase classname="components.propertypanel.test.property_input_component_test" name="test_create_multiline_input" time="0.006" /><testcase classname="components.propertypanel.test.property_input_component_test" name="test_create_multiselect_input" time="0.038" /><testcase classname="components.propertypanel.test.property_input_component_test" name="test_create_multiselect1_input" time="0.004" /><testcase classname="components.propertypanel.test.property_input_component_test" name="test_connect_signal_lineedit" time="0.003" /><testcase classname="components.propertypanel.test.property_input_component_test" name="test_unsupported_input_type" time="0.003" /><testcase classname="components.propertypanel.test.property_input_component_test" name="test_exception_handling_in_input" time="0.001" /><testcase classname="components.propertypanel.test.property_input_component_test" name="test_create_save_button_default" time="0.001" /><testcase classname="components.propertypanel.test.property_input_component_test" name="test_create_save_button_custom_size" time="0.002" /><testcase classname="components.propertypanel.test.property_input_component_test" name="test_create_save_button_exception" time="0.001" /><testcase classname="components.propertypanel.test.property_input_component_test" name="test_save_button_signal_emits_data" time="0.002" /></testsuite></testsuites>